<?xml version="1.0" encoding="UTF-8"?>
<testng-results ignored="0" total="1" passed="1" failed="0" skipped="0">
  <reporter-output>
  </reporter-output>
  <suite started-at="2022-12-16T09:40:32 IST" name="Default suite" finished-at="2022-12-16T09:40:47 IST" duration-ms="14694">
    <groups>
    </groups>
    <test started-at="2022-12-16T09:40:32 IST" name="Default test" finished-at="2022-12-16T09:40:47 IST" duration-ms="14694">
      <class name="Test_Cases.Loginapplication">
        <test-method signature="Login()[pri:0, instance:Test_Cases.Loginapplication@759d26fb]" started-at="2022-12-16T09:40:32 IST" name="Login" finished-at="2022-12-16T09:40:46 IST" duration-ms="14494" status="PASS">
          <reporter-output>
          </reporter-output>
        </test-method> <!-- Login -->
      </class> <!-- Test_Cases.Loginapplication -->
    </test> <!-- Default test -->
  </suite> <!-- Default suite -->
</testng-results>
